<?xml version="1.0" encoding="UTF-8"?>
<!-- Generated by org.testng.reporters.JUnitReportReporter -->
<testsuite hostname="Ashwins-MacBook-Air.local" failures="0" tests="2" name="org.ashwinkallingal.Demo1Test" time="14.606" errors="0" timestamp="2024-09-28T13:38:04 IST" skipped="0">
  <testcase classname="org.ashwinkallingal.Demo1Test" name="flightTest" time="8.041"/>
  <testcase classname="org.ashwinkallingal.Demo1Test" name="flightTest" time="6.565"/>
</testsuite> <!-- org.ashwinkallingal.Demo1Test -->
